#
# There is insufficient memory for the Java Runtime Environment to continue.
# Native memory allocation (mmap) failed to map 87031808 bytes for committing reserved memory.
# Possible reasons:
#   The system is out of physical RAM or swap space
#   In 32 bit mode, the process size limit was hit
# Possible solutions:
#   Reduce memory load on the system
#   Increase physical memory or swap space
#   Check if swap backing store is full
#   Use 64 bit Java on a 64 bit OS
#   Decrease Java heap size (-Xmx/-Xms)
#   Decrease number of Java threads
#   Decrease Java thread stack sizes (-Xss)
#   Set larger code cache with -XX:ReservedCodeCacheSize=
# This output file may be truncated or incomplete.
#
#  Out of Memory Error (os_linux.cpp:2627), pid=11834, tid=0x00007f8cac1c7700
#
# JRE version:  (8.0_101-b13) (build )
# Java VM: Java HotSpot(TM) 64-Bit Server VM (25.101-b13 mixed mode linux-amd64 compressed oops)
# Failed to write core dump. Core dumps have been disabled. To enable core dumping, try "ulimit -c unlimited" before starting Java again
#

---------------  T H R E A D  ---------------

Current thread (0x00007f8ca400b000):  JavaThread "Unknown thread" [_thread_in_vm, id=11841, stack(0x00007f8cac0c7000,0x00007f8cac1c8000)]

Stack: [0x00007f8cac0c7000,0x00007f8cac1c8000],  sp=0x00007f8cac1c63c0,  free space=1020k
Native frames: (J=compiled Java code, j=interpreted, Vv=VM code, C=native code)
V  [libjvm.so+0xac3f0a]  VMError::report_and_die()+0x2ba
V  [libjvm.so+0x4fbf9b]  report_vm_out_of_memory(char const*, int, unsigned long, VMErrorType, char const*)+0x8b
V  [libjvm.so+0x9222d3]  os::Linux::commit_memory_impl(char*, unsigned long, bool)+0x103
V  [libjvm.so+0x922829]  os::pd_commit_memory(char*, unsigned long, unsigned long, bool)+0x29
V  [libjvm.so+0x91cb2a]  os::commit_memory(char*, unsigned long, unsigned long, bool)+0x2a
V  [libjvm.so+0x991053]  PSVirtualSpace::expand_by(unsigned long)+0x53
V  [libjvm.so+0x981177]  PSOldGen::initialize(ReservedSpace, unsigned long, char const*, int)+0xb7
V  [libjvm.so+0x2d884a]  AdjoiningGenerations::AdjoiningGenerations(ReservedSpace, GenerationSizer*, unsigned long)+0x39a
V  [libjvm.so+0x945686]  ParallelScavengeHeap::initialize()+0x1d6
V  [libjvm.so+0xa8c753]  Universe::initialize_heap()+0xf3
V  [libjvm.so+0xa8c99e]  universe_init()+0x3e
V  [libjvm.so+0x63bdf5]  init_globals()+0x65
V  [libjvm.so+0xa70bfe]  Threads::create_vm(JavaVMInitArgs*, bool*)+0x23e
V  [libjvm.so+0x6d08f4]  JNI_CreateJavaVM+0x74
C  [libjli.so+0x745e]  JavaMain+0x9e
C  [libpthread.so.0+0x76fa]  start_thread+0xca


---------------  P R O C E S S  ---------------

Java Threads: ( => current thread )

Other Threads:

=>0x00007f8ca400b000 (exited) JavaThread "Unknown thread" [_thread_in_vm, id=11841, stack(0x00007f8cac0c7000,0x00007f8cac1c8000)]

VM state:not at safepoint (not fully initialized)

VM Mutex/Monitor currently owned by a thread: None

GC Heap History (0 events):
No events

Deoptimization events (0 events):
No events

Internal exceptions (0 events):
No events

Events (0 events):
No events


Dynamic libraries:
00400000-00401000 r-xp 00000000 08:05 1716000                            /usr/lib/jvm/java-8-oracle/bin/java
00600000-00601000 rw-p 00000000 08:05 1716000                            /usr/lib/jvm/java-8-oracle/bin/java
019da000-019fb000 rw-p 00000000 00:00 0                                  [heap]
8a300000-d7000000 ---p 00000000 00:00 0 
d7000000-d9900000 rw-p 00000000 00:00 0 
d9900000-100000000 ---p 00000000 00:00 0 
7f8c95000000-7f8c95270000 rwxp 00000000 00:00 0 
7f8c95270000-7f8ca4000000 ---p 00000000 00:00 0 
7f8ca4000000-7f8ca4036000 rw-p 00000000 00:00 0 
7f8ca4036000-7f8ca8000000 ---p 00000000 00:00 0 
7f8ca8817000-7f8ca8a9e000 rw-p 00000000 00:00 0 
7f8ca8a9e000-7f8ca8d2e000 ---p 00000000 00:00 0 
7f8ca8d2e000-7f8ca8d43000 rw-p 00000000 00:00 0 
7f8ca8d43000-7f8ca8e76000 ---p 00000000 00:00 0 
7f8ca8e76000-7f8ca8e81000 rw-p 00000000 00:00 0 
7f8ca8e81000-7f8ca9237000 ---p 00000000 00:00 0 
7f8ca9237000-7f8ca9251000 r-xp 00000000 08:05 1716077                    /usr/lib/jvm/java-8-oracle/jre/lib/amd64/libzip.so
7f8ca9251000-7f8ca9451000 ---p 0001a000 08:05 1716077                    /usr/lib/jvm/java-8-oracle/jre/lib/amd64/libzip.so
7f8ca9451000-7f8ca9452000 rw-p 0001a000 08:05 1716077                    /usr/lib/jvm/java-8-oracle/jre/lib/amd64/libzip.so
7f8ca9452000-7f8ca945d000 r-xp 00000000 08:05 6034025                    /lib/x86_64-linux-gnu/libnss_files-2.23.so
7f8ca945d000-7f8ca965c000 ---p 0000b000 08:05 6034025                    /lib/x86_64-linux-gnu/libnss_files-2.23.so
7f8ca965c000-7f8ca965d000 r--p 0000a000 08:05 6034025                    /lib/x86_64-linux-gnu/libnss_files-2.23.so
7f8ca965d000-7f8ca965e000 rw-p 0000b000 08:05 6034025                    /lib/x86_64-linux-gnu/libnss_files-2.23.so
7f8ca965e000-7f8ca9664000 rw-p 00000000 00:00 0 
7f8ca9664000-7f8ca966f000 r-xp 00000000 08:05 6034035                    /lib/x86_64-linux-gnu/libnss_nis-2.23.so
7f8ca966f000-7f8ca986e000 ---p 0000b000 08:05 6034035                    /lib/x86_64-linux-gnu/libnss_nis-2.23.so
7f8ca986e000-7f8ca986f000 r--p 0000a000 08:05 6034035                    /lib/x86_64-linux-gnu/libnss_nis-2.23.so
7f8ca986f000-7f8ca9870000 rw-p 0000b000 08:05 6034035                    /lib/x86_64-linux-gnu/libnss_nis-2.23.so
7f8ca9870000-7f8ca9886000 r-xp 00000000 08:05 6034019                    /lib/x86_64-linux-gnu/libnsl-2.23.so
7f8ca9886000-7f8ca9a85000 ---p 00016000 08:05 6034019                    /lib/x86_64-linux-gnu/libnsl-2.23.so
7f8ca9a85000-7f8ca9a86000 r--p 00015000 08:05 6034019                    /lib/x86_64-linux-gnu/libnsl-2.23.so
7f8ca9a86000-7f8ca9a87000 rw-p 00016000 08:05 6034019                    /lib/x86_64-linux-gnu/libnsl-2.23.so
7f8ca9a87000-7f8ca9a89000 rw-p 00000000 00:00 0 
7f8ca9a89000-7f8ca9a91000 r-xp 00000000 08:05 6034021                    /lib/x86_64-linux-gnu/libnss_compat-2.23.so
7f8ca9a91000-7f8ca9c90000 ---p 00008000 08:05 6034021                    /lib/x86_64-linux-gnu/libnss_compat-2.23.so
7f8ca9c90000-7f8ca9c91000 r--p 00007000 08:05 6034021                    /lib/x86_64-linux-gnu/libnss_compat-2.23.so
7f8ca9c91000-7f8ca9c92000 rw-p 00008000 08:05 6034021                    /lib/x86_64-linux-gnu/libnss_compat-2.23.so
7f8ca9c92000-7f8ca9cbc000 r-xp 00000000 08:05 1716101                    /usr/lib/jvm/java-8-oracle/jre/lib/amd64/libjava.so
7f8ca9cbc000-7f8ca9ebc000 ---p 0002a000 08:05 1716101                    /usr/lib/jvm/java-8-oracle/jre/lib/amd64/libjava.so
7f8ca9ebc000-7f8ca9ebe000 rw-p 0002a000 08:05 1716101                    /usr/lib/jvm/java-8-oracle/jre/lib/amd64/libjava.so
7f8ca9ebe000-7f8ca9ecb000 r-xp 00000000 08:05 1716057                    /usr/lib/jvm/java-8-oracle/jre/lib/amd64/libverify.so
7f8ca9ecb000-7f8caa0cb000 ---p 0000d000 08:05 1716057                    /usr/lib/jvm/java-8-oracle/jre/lib/amd64/libverify.so
7f8caa0cb000-7f8caa0cd000 rw-p 0000d000 08:05 1716057                    /usr/lib/jvm/java-8-oracle/jre/lib/amd64/libverify.so
7f8caa0cd000-7f8caa0d4000 r-xp 00000000 08:05 6034080                    /lib/x86_64-linux-gnu/librt-2.23.so
7f8caa0d4000-7f8caa2d3000 ---p 00007000 08:05 6034080                    /lib/x86_64-linux-gnu/librt-2.23.so
7f8caa2d3000-7f8caa2d4000 r--p 00006000 08:05 6034080                    /lib/x86_64-linux-gnu/librt-2.23.so
7f8caa2d4000-7f8caa2d5000 rw-p 00007000 08:05 6034080                    /lib/x86_64-linux-gnu/librt-2.23.so
7f8caa2d5000-7f8caa3dd000 r-xp 00000000 08:05 6033996                    /lib/x86_64-linux-gnu/libm-2.23.so
7f8caa3dd000-7f8caa5dc000 ---p 00108000 08:05 6033996                    /lib/x86_64-linux-gnu/libm-2.23.so
7f8caa5dc000-7f8caa5dd000 r--p 00107000 08:05 6033996                    /lib/x86_64-linux-gnu/libm-2.23.so
7f8caa5dd000-7f8caa5de000 rw-p 00108000 08:05 6033996                    /lib/x86_64-linux-gnu/libm-2.23.so
7f8caa5de000-7f8cab2a9000 r-xp 00000000 08:05 1716113                    /usr/lib/jvm/java-8-oracle/jre/lib/amd64/server/libjvm.so
7f8cab2a9000-7f8cab4a8000 ---p 00ccb000 08:05 1716113                    /usr/lib/jvm/java-8-oracle/jre/lib/amd64/server/libjvm.so
7f8cab4a8000-7f8cab581000 rw-p 00cca000 08:05 1716113                    /usr/lib/jvm/java-8-oracle/jre/lib/amd64/server/libjvm.so
7f8cab581000-7f8cab5cc000 rw-p 00000000 00:00 0 
7f8cab5cc000-7f8cab78c000 r-xp 00000000 08:05 6033926                    /lib/x86_64-linux-gnu/libc-2.23.so
7f8cab78c000-7f8cab98b000 ---p 001c0000 08:05 6033926                    /lib/x86_64-linux-gnu/libc-2.23.so
7f8cab98b000-7f8cab98f000 r--p 001bf000 08:05 6033926                    /lib/x86_64-linux-gnu/libc-2.23.so
7f8cab98f000-7f8cab991000 rw-p 001c3000 08:05 6033926                    /lib/x86_64-linux-gnu/libc-2.23.so
7f8cab991000-7f8cab995000 rw-p 00000000 00:00 0 
7f8cab995000-7f8cab998000 r-xp 00000000 08:05 6033950                    /lib/x86_64-linux-gnu/libdl-2.23.so
7f8cab998000-7f8cabb97000 ---p 00003000 08:05 6033950                    /lib/x86_64-linux-gnu/libdl-2.23.so
7f8cabb97000-7f8cabb98000 r--p 00002000 08:05 6033950                    /lib/x86_64-linux-gnu/libdl-2.23.so
7f8cabb98000-7f8cabb99000 rw-p 00003000 08:05 6033950                    /lib/x86_64-linux-gnu/libdl-2.23.so
7f8cabb99000-7f8cabbae000 r-xp 00000000 08:05 1715174                    /usr/lib/jvm/java-8-oracle/lib/amd64/jli/libjli.so
7f8cabbae000-7f8cabdae000 ---p 00015000 08:05 1715174                    /usr/lib/jvm/java-8-oracle/lib/amd64/jli/libjli.so
7f8cabdae000-7f8cabdaf000 rw-p 00015000 08:05 1715174                    /usr/lib/jvm/java-8-oracle/lib/amd64/jli/libjli.so
7f8cabdaf000-7f8cabdc7000 r-xp 00000000 08:05 6034072                    /lib/x86_64-linux-gnu/libpthread-2.23.so
7f8cabdc7000-7f8cabfc6000 ---p 00018000 08:05 6034072                    /lib/x86_64-linux-gnu/libpthread-2.23.so
7f8cabfc6000-7f8cabfc7000 r--p 00017000 08:05 6034072                    /lib/x86_64-linux-gnu/libpthread-2.23.so
7f8cabfc7000-7f8cabfc8000 rw-p 00018000 08:05 6034072                    /lib/x86_64-linux-gnu/libpthread-2.23.so
7f8cabfc8000-7f8cabfcc000 rw-p 00000000 00:00 0 
7f8cabfcc000-7f8cabff2000 r-xp 00000000 08:05 6033898                    /lib/x86_64-linux-gnu/ld-2.23.so
7f8cac0c7000-7f8cac0ca000 ---p 00000000 00:00 0 
7f8cac0ca000-7f8cac1cc000 rw-p 00000000 00:00 0 
7f8cac1e5000-7f8cac1ed000 rw-s 00000000 08:05 6292236                    /tmp/hsperfdata_geeh/11834
7f8cac1ed000-7f8cac1ee000 rw-p 00000000 00:00 0 
7f8cac1ee000-7f8cac1ef000 r--p 00000000 00:00 0 
7f8cac1ef000-7f8cac1f1000 rw-p 00000000 00:00 0 
7f8cac1f1000-7f8cac1f2000 r--p 00025000 08:05 6033898                    /lib/x86_64-linux-gnu/ld-2.23.so
7f8cac1f2000-7f8cac1f3000 rw-p 00026000 08:05 6033898                    /lib/x86_64-linux-gnu/ld-2.23.so
7f8cac1f3000-7f8cac1f4000 rw-p 00000000 00:00 0 
7ffd536ed000-7ffd5370f000 rw-p 00000000 00:00 0                          [stack]
7ffd537f9000-7ffd537fb000 r--p 00000000 00:00 0                          [vvar]
7ffd537fb000-7ffd537fd000 r-xp 00000000 00:00 0                          [vdso]
ffffffffff600000-ffffffffff601000 r-xp 00000000 00:00 0                  [vsyscall]

VM Arguments:
jvm_args: -Dfile.encoding=UTF-8 
java_command: br.com.api.main.Main
java_class_path (initial): /home/geeh/workspace-teste/apirest/target/classes:/home/geeh/.m2/repository/com/sun/jersey/jersey-server/1.9/jersey-server-1.9.jar:/home/geeh/.m2/repository/asm/asm/3.1/asm-3.1.jar:/home/geeh/.m2/repository/javax/xml/bind/jaxb-api/2.2.4/jaxb-api-2.2.4.jar:/home/geeh/.m2/repository/javax/xml/stream/stax-api/1.0-2/stax-api-1.0-2.jar:/home/geeh/.m2/repository/javax/activation/activation/1.1/activation-1.1.jar:/home/geeh/.m2/repository/com/sun/xml/bind/jaxb-impl/2.2.4/jaxb-impl-2.2.4.jar:/home/geeh/.m2/repository/com/sun/jersey/jersey-core/1.9/jersey-core-1.9.jar:/home/geeh/.m2/repository/com/sun/jersey/jersey-json/1.9/jersey-json-1.9.jar:/home/geeh/.m2/repository/org/codehaus/jettison/jettison/1.1/jettison-1.1.jar:/home/geeh/.m2/repository/stax/stax-api/1.0.1/stax-api-1.0.1.jar:/home/geeh/.m2/repository/org/codehaus/jackson/jackson-core-asl/1.8.3/jackson-core-asl-1.8.3.jar:/home/geeh/.m2/repository/org/codehaus/jackson/jackson-mapper-asl/1.8.3/jackson-mapper-asl-1.8.3.jar:/home/geeh/.m2/repository/org/codehaus/jackson/jackson-jaxrs/1.8.3/jackson-jaxrs-1.8.3.jar:/home/geeh/.m2/repository/org/codehaus/jackson/jackson-xc/1.8.3/jackson-xc-1.8.3.jar:/home/geeh/.m2/repository/com/sun/jersey/jersey-test-framework/jersey-test-framework-external/1.9/jersey-test-framework-external-1.9.jar:/home/geeh/.m2/repository/mysql/mysql-connector-java/5.1.34/mysql-connector-java-5.1.34.jar:/home/geeh/.m2/repository/org/hibernate/hibernate-core/4.3.4.Final/hibernate-core-4.3.4.Final.jar:/home/geeh/.m2/repository/org/jboss/logging/jboss-logging/3.1.3.GA/jboss-logging-3.1.3.GA.jar:/home/geeh/.m2/repository/org/jboss/logging/jboss-logging-annotations/1.2.0.Beta1/jboss-logging-annotations-1.2.0.Beta1.jar:/home/geeh/.m2/repository/org/jboss/spec/javax/transaction/jboss-transaction-api_1.2_spec/1.0.0.Final/jboss-transaction-api_1.2_spec-1.0.0.Final.jar:/home/geeh/.m2/repository/dom4j/dom4j/1.6.1/dom4j-1.6.1.jar:/home/geeh/.m2/repository/xml-apis/xml-apis/1.0.b2/xml-ap
Launcher Type: SUN_STANDARD

Environment Variables:
JAVA_HOME=/usr/lib/jvm/java-8-oracle
JRE_HOME=/usr/lib/jvm/java-8-oracle/jre/bin
PATH=/usr/local/sbin:/usr/local/bin:/usr/sbin:/usr/bin:/sbin:/bin:/usr/games:/usr/local/games:/snap/bin:/home/geeh/.rvm/bin
SHELL=/bin/bash
DISPLAY=:0

Signal Handlers:
SIGSEGV: [libjvm.so+0xac4790], sa_mask[0]=11111111011111111101111111111110, sa_flags=SA_RESTART|SA_SIGINFO
SIGBUS: [libjvm.so+0xac4790], sa_mask[0]=11111111011111111101111111111110, sa_flags=SA_RESTART|SA_SIGINFO
SIGFPE: [libjvm.so+0x91f140], sa_mask[0]=11111111011111111101111111111110, sa_flags=SA_RESTART|SA_SIGINFO
SIGPIPE: [libjvm.so+0x91f140], sa_mask[0]=11111111011111111101111111111110, sa_flags=SA_RESTART|SA_SIGINFO
SIGXFSZ: [libjvm.so+0x91f140], sa_mask[0]=11111111011111111101111111111110, sa_flags=SA_RESTART|SA_SIGINFO
SIGILL: [libjvm.so+0x91f140], sa_mask[0]=11111111011111111101111111111110, sa_flags=SA_RESTART|SA_SIGINFO
SIGUSR1: SIG_DFL, sa_mask[0]=00000000000000000000000000000000, sa_flags=none
SIGUSR2: [libjvm.so+0x920770], sa_mask[0]=00100000000000000000000000000000, sa_flags=SA_RESTART|SA_SIGINFO
SIGHUP: SIG_DFL, sa_mask[0]=00000000000000000000000000000000, sa_flags=none
SIGINT: SIG_DFL, sa_mask[0]=00000000000000000000000000000000, sa_flags=none
SIGTERM: SIG_DFL, sa_mask[0]=00000000000000000000000000000000, sa_flags=none
SIGQUIT: SIG_DFL, sa_mask[0]=00000000000000000000000000000000, sa_flags=none


---------------  S Y S T E M  ---------------

OS:DISTRIB_ID=Ubuntu
DISTRIB_RELEASE=16.04
DISTRIB_CODENAME=xenial
DISTRIB_DESCRIPTION="Ubuntu 16.04.1 LTS"

uname:Linux 4.4.0-51-generic #72-Ubuntu SMP Thu Nov 24 18:29:54 UTC 2016 x86_64
libc:glibc 2.23 NPTL 2.23 
rlimit: STACK 8192k, CORE 0k, NPROC 31334, NOFILE 65536, AS infinity
load average:0.59 0.50 0.43

/proc/meminfo:
MemTotal:        8060728 kB
MemFree:          124928 kB
MemAvailable:      30392 kB
Buffers:            2120 kB
Cached:           911848 kB
SwapCached:            0 kB
Active:          6794288 kB
Inactive:         841172 kB
Active(anon):    6766496 kB
Inactive(anon):   827188 kB
Active(file):      27792 kB
Inactive(file):    13984 kB
Unevictable:         192 kB
Mlocked:             192 kB
SwapTotal:             0 kB
SwapFree:              0 kB
Dirty:               344 kB
Writeback:             0 kB
AnonPages:       6721924 kB
Mapped:           662520 kB
Shmem:            871952 kB
Slab:             101564 kB
SReclaimable:      47212 kB
SUnreclaim:        54352 kB
KernelStack:       21616 kB
PageTables:        89404 kB
NFS_Unstable:          0 kB
Bounce:                0 kB
WritebackTmp:          0 kB
CommitLimit:     4030364 kB
Committed_AS:   21016736 kB
VmallocTotal:   34359738367 kB
VmallocUsed:           0 kB
VmallocChunk:          0 kB
HardwareCorrupted:     0 kB
AnonHugePages:   2144256 kB
CmaTotal:              0 kB
CmaFree:               0 kB
HugePages_Total:       0
HugePages_Free:        0
HugePages_Rsvd:        0
HugePages_Surp:        0
Hugepagesize:       2048 kB
DirectMap4k:      238336 kB
DirectMap2M:     8036352 kB
DirectMap1G:     1048576 kB


CPU:total 4 (2 cores per cpu, 2 threads per core) family 6 model 69 stepping 1, cmov, cx8, fxsr, mmx, sse, sse2, sse3, ssse3, sse4.1, sse4.2, popcnt, avx, avx2, aes, clmul, erms, lzcnt, ht, tsc, tscinvbit, bmi1, bmi2

/proc/cpuinfo:
processor	: 0
vendor_id	: GenuineIntel
cpu family	: 6
model		: 69
model name	: Intel(R) Core(TM) i7-4500U CPU @ 1.80GHz
stepping	: 1
microcode	: 0x17
cpu MHz		: 2713.500
cache size	: 4096 KB
physical id	: 0
siblings	: 4
core id		: 0
cpu cores	: 2
apicid		: 0
initial apicid	: 0
fpu		: yes
fpu_exception	: yes
cpuid level	: 13
wp		: yes
flags		: fpu vme de pse tsc msr pae mce cx8 apic sep mtrr pge mca cmov pat pse36 clflush dts acpi mmx fxsr sse sse2 ss ht tm pbe syscall nx pdpe1gb rdtscp lm constant_tsc arch_perfmon pebs bts rep_good nopl xtopology nonstop_tsc aperfmperf eagerfpu pni pclmulqdq dtes64 monitor ds_cpl vmx est tm2 ssse3 sdbg fma cx16 xtpr pdcm pcid sse4_1 sse4_2 movbe popcnt tsc_deadline_timer aes xsave avx f16c rdrand lahf_lm abm epb tpr_shadow vnmi flexpriority ept vpid fsgsbase tsc_adjust bmi1 avx2 smep bmi2 erms invpcid xsaveopt dtherm ida arat pln pts
bugs		:
bogomips	: 4788.85
clflush size	: 64
cache_alignment	: 64
address sizes	: 39 bits physical, 48 bits virtual
power management:

processor	: 1
vendor_id	: GenuineIntel
cpu family	: 6
model		: 69
model name	: Intel(R) Core(TM) i7-4500U CPU @ 1.80GHz
stepping	: 1
microcode	: 0x17
cpu MHz		: 2699.906
cache size	: 4096 KB
physical id	: 0
siblings	: 4
core id		: 0
cpu cores	: 2
apicid		: 1
initial apicid	: 1
fpu		: yes
fpu_exception	: yes
cpuid level	: 13
wp		: yes
flags		: fpu vme de pse tsc msr pae mce cx8 apic sep mtrr pge mca cmov pat pse36 clflush dts acpi mmx fxsr sse sse2 ss ht tm pbe syscall nx pdpe1gb rdtscp lm constant_tsc arch_perfmon pebs bts rep_good nopl xtopology nonstop_tsc aperfmperf eagerfpu pni pclmulqdq dtes64 monitor ds_cpl vmx est tm2 ssse3 sdbg fma cx16 xtpr pdcm pcid sse4_1 sse4_2 movbe popcnt tsc_deadline_timer aes xsave avx f16c rdrand lahf_lm abm epb tpr_shadow vnmi flexpriority ept vpid fsgsbase tsc_adjust bmi1 avx2 smep bmi2 erms invpcid xsaveopt dtherm ida arat pln pts
bugs		:
bogomips	: 4788.85
clflush size	: 64
cache_alignment	: 64
address sizes	: 39 bits physical, 48 bits virtual
power management:

processor	: 2
vendor_id	: GenuineIntel
cpu family	: 6
model		: 69
model name	: Intel(R) Core(TM) i7-4500U CPU @ 1.80GHz
stepping	: 1
microcode	: 0x17
cpu MHz		: 2700.000
cache size	: 4096 KB
physical id	: 0
siblings	: 4
core id		: 1
cpu cores	: 2
apicid		: 2
initial apicid	: 2
fpu		: yes
fpu_exception	: yes
cpuid level	: 13
wp		: yes
flags		: fpu vme de pse tsc msr pae mce cx8 apic sep mtrr pge mca cmov pat pse36 clflush dts acpi mmx fxsr sse sse2 ss ht tm pbe syscall nx pdpe1gb rdtscp lm constant_tsc arch_perfmon pebs bts rep_good nopl xtopology nonstop_tsc aperfmperf eagerfpu pni pclmulqdq dtes64 monitor ds_cpl vmx est tm2 ssse3 sdbg fma cx16 xtpr pdcm pcid sse4_1 sse4_2 movbe popcnt tsc_deadline_timer aes xsave avx f16c rdrand lahf_lm abm epb tpr_shadow vnmi flexpriority ept vpid fsgsbase tsc_adjust bmi1 avx2 smep bmi2 erms invpcid xsaveopt dtherm ida arat pln pts
bugs		:
bogomips	: 4788.85
clflush size	: 64
cache_alignment	: 64
address sizes	: 39 bits physical, 48 bits virtual
power management:

processor	: 3
vendor_id	: GenuineIntel
cpu family	: 6
model		: 69
model name	: Intel(R) Core(TM) i7-4500U CPU @ 1.80GHz
stepping	: 1
microcode	: 0x17
cpu MHz		: 2699.906
cache size	: 4096 KB
physical id	: 0
siblings	: 4
core id		: 1
cpu cores	: 2
apicid		: 3
initial apicid	: 3
fpu		: yes
fpu_exception	: yes
cpuid level	: 13
wp		: yes
flags		: fpu vme de pse tsc msr pae mce cx8 apic sep mtrr pge mca cmov pat pse36 clflush dts acpi mmx fxsr sse sse2 ss ht tm pbe syscall nx pdpe1gb rdtscp lm constant_tsc arch_perfmon pebs bts rep_good nopl xtopology nonstop_tsc aperfmperf eagerfpu pni pclmulqdq dtes64 monitor ds_cpl vmx est tm2 ssse3 sdbg fma cx16 xtpr pdcm pcid sse4_1 sse4_2 movbe popcnt tsc_deadline_timer aes xsave avx f16c rdrand lahf_lm abm epb tpr_shadow vnmi flexpriority ept vpid fsgsbase tsc_adjust bmi1 avx2 smep bmi2 erms invpcid xsaveopt dtherm ida arat pln pts
bugs		:
bogomips	: 4788.85
clflush size	: 64
cache_alignment	: 64
address sizes	: 39 bits physical, 48 bits virtual
power management:



Memory: 4k page, physical 8060728k(124928k free), swap 0k(0k free)

vm_info: Java HotSpot(TM) 64-Bit Server VM (25.101-b13) for linux-amd64 JRE (1.8.0_101-b13), built on Jun 22 2016 02:59:44 by "java_re" with gcc 4.3.0 20080428 (Red Hat 4.3.0-8)

time: Tue Dec  6 01:57:37 2016
elapsed time: 0 seconds (0d 0h 0m 0s)

